<?xml version="1.0" encoding="UTF-8"?>
<testng-results skipped="0" failed="0" total="1" passed="1">
  <reporter-output>
  </reporter-output>
  <suite name="Default suite" duration-ms="11666" started-at="2022-01-14T12:32:16Z" finished-at="2022-01-14T12:32:28Z">
    <groups>
    </groups>
    <test name="Default test" duration-ms="11666" started-at="2022-01-14T12:32:16Z" finished-at="2022-01-14T12:32:28Z">
      <class name="testcases.createaccount">
        <test-method status="PASS" signature="createaccount()[pri:0, instance:testcases.createaccount@402a079c]" name="createaccount" duration-ms="11623" started-at="2022-01-14T18:02:16Z" finished-at="2022-01-14T18:02:28Z">
          <reporter-output>
          </reporter-output>
        </test-method> <!-- createaccount -->
      </class> <!-- testcases.createaccount -->
    </test> <!-- Default test -->
  </suite> <!-- Default suite -->
</testng-results>
