<?xml version="1.0" encoding="UTF-8"?>
<testng-results skipped="0" failed="0" total="1" passed="1">
  <reporter-output>
  </reporter-output>
  <suite name="Default suite" duration-ms="27832" started-at="2022-01-14T15:43:10Z" finished-at="2022-01-14T15:43:37Z">
    <groups>
    </groups>
    <test name="Default test" duration-ms="27832" started-at="2022-01-14T15:43:10Z" finished-at="2022-01-14T15:43:37Z">
      <class name="testcases.createaccount">
        <test-method status="PASS" signature="createaccount()[pri:0, instance:testcases.createaccount@56ef9176]" name="createaccount" duration-ms="27789" started-at="2022-01-14T21:13:10Z" finished-at="2022-01-14T21:13:37Z">
          <reporter-output>
          </reporter-output>
        </test-method> <!-- createaccount -->
      </class> <!-- testcases.createaccount -->
    </test> <!-- Default test -->
  </suite> <!-- Default suite -->
</testng-results>
